#
# A fatal error has been detected by the Java Runtime Environment:
#
#  Internal Error (javaClasses.cpp:136), pid=7120, tid=8092
#  fatal error: Invalid layout of preloaded class
#
# JRE version:  (7.0_40-b43) (build )
# Java VM: Java HotSpot(TM) 64-Bit Server VM (24.0-b56 mixed mode windows-amd64 compressed oops)
# Failed to write core dump. Minidumps are not enabled by default on client versions of Windows
#
# If you would like to submit a bug report, please visit:
#   http://bugreport.sun.com/bugreport/crash.jsp
#

---------------  T H R E A D  ---------------

Current thread (0x000000000282e000):  JavaThread "Unknown thread" [_thread_in_vm, id=8092, stack(0x00000000026b0000,0x00000000027b0000)]

Stack: [0x00000000026b0000,0x00000000027b0000]

---------------  P R O C E S S  ---------------

Java Threads: ( => current thread )

Other Threads:

=>0x000000000282e000 (exited) JavaThread "Unknown thread" [_thread_in_vm, id=8092, stack(0x00000000026b0000,0x00000000027b0000)]

VM state:not at safepoint (not fully initialized)

VM Mutex/Monitor currently owned by a thread: None

GC Heap History (0 events):
No events

Deoptimization events (0 events):
No events

Internal exceptions (0 events):
No events

Events (10 events):
Event: 0.028 loading class 0x0000000002881b60 done
Event: 0.029 loading class 0x0000000002881580 done
Event: 0.029 loading class 0x0000000002881560
Event: 0.029 loading class 0x00000000028896a0
Event: 0.029 loading class 0x00000000028896a0 done
Event: 0.029 loading class 0x00000000028896d0
Event: 0.029 loading class 0x00000000028896d0 done
Event: 0.029 loading class 0x0000000002889700
Event: 0.029 loading class 0x0000000002889700 done
Event: 0.029 loading class 0x0000000002881560 done


Dynamic libraries:
0x00007ff600710000 - 0x00007ff600743000 	C:\Program Files\Java\jre7\bin\javaw.exe
0x00007ffc4e010000 - 0x00007ffc4e1bc000 	C:\WINDOWS\SYSTEM32\ntdll.dll
0x00007ffc4aaf0000 - 0x00007ffc4ac2e000 	C:\WINDOWS\system32\KERNEL32.DLL
0x00007ffc4a560000 - 0x00007ffc4a675000 	C:\WINDOWS\system32\KERNELBASE.dll
0x00007ffc48cf0000 - 0x00007ffc48d7e000 	C:\WINDOWS\system32\apphelp.dll
0x00007ffc37650000 - 0x00007ffc376a3000 	C:\WINDOWS\AppPatch\AppPatch64\AcGenral.DLL
0x00007ffc4c890000 - 0x00007ffc4c93a000 	C:\WINDOWS\system32\msvcrt.dll
0x00007ffc49f20000 - 0x00007ffc49f4e000 	C:\WINDOWS\SYSTEM32\SspiCli.dll
0x00007ffc4cf60000 - 0x00007ffc4cfb4000 	C:\WINDOWS\system32\SHLWAPI.dll
0x00007ffc4cd20000 - 0x00007ffc4ce97000 	C:\WINDOWS\system32\USER32.dll
0x00007ffc4a950000 - 0x00007ffc4aae4000 	C:\WINDOWS\system32\ole32.dll
0x00007ffc4ae60000 - 0x00007ffc4c378000 	C:\WINDOWS\system32\SHELL32.dll
0x00007ffc496f0000 - 0x00007ffc49711000 	C:\WINDOWS\SYSTEM32\USERENV.dll
0x00007ffc4ceb0000 - 0x00007ffc4cf5a000 	C:\WINDOWS\system32\ADVAPI32.dll
0x00007ffc3a120000 - 0x00007ffc3a13e000 	C:\WINDOWS\SYSTEM32\MPR.dll
0x00007ffc4a800000 - 0x00007ffc4a941000 	C:\WINDOWS\system32\RPCRT4.dll
0x00007ffc4c940000 - 0x00007ffc4c999000 	C:\WINDOWS\SYSTEM32\sechost.dll
0x00007ffc4c4e0000 - 0x00007ffc4c6f1000 	C:\WINDOWS\SYSTEM32\combase.dll
0x00007ffc4c380000 - 0x00007ffc4c4d1000 	C:\WINDOWS\system32\GDI32.dll
0x00007ffc4a150000 - 0x00007ffc4a165000 	C:\WINDOWS\SYSTEM32\profapi.dll
0x00007ffc486c0000 - 0x00007ffc48772000 	C:\WINDOWS\SYSTEM32\SHCORE.dll
0x00007ffc4cfc0000 - 0x00007ffc4cff6000 	C:\WINDOWS\system32\IMM32.DLL
0x00007ffc4a6a0000 - 0x00007ffc4a7f2000 	C:\WINDOWS\system32\MSCTF.dll
0x00007ffc461a0000 - 0x00007ffc4641a000 	C:\WINDOWS\WinSxS\amd64_microsoft.windows.common-controls_6595b64144ccf1df_6.0.9600.17810_none_6240b9c7ecbd0bda\COMCTL32.dll
0x0000000051980000 - 0x0000000051a51000 	C:\Program Files\Java\jre7\bin\msvcr100.dll
0x0000000050f10000 - 0x00000000516d9000 	C:\Program Files\Java\jre7\bin\server\jvm.dll
0x00007ffc411b0000 - 0x00007ffc411b9000 	C:\WINDOWS\SYSTEM32\WSOCK32.dll
0x00007ffc422e0000 - 0x00007ffc42302000 	C:\WINDOWS\SYSTEM32\WINMM.dll
0x00007ffc4cea0000 - 0x00007ffc4cea7000 	C:\WINDOWS\system32\PSAPI.DLL
0x00007ffc4ccb0000 - 0x00007ffc4cd0a000 	C:\WINDOWS\system32\WS2_32.dll
0x00007ffc422b0000 - 0x00007ffc422da000 	C:\WINDOWS\SYSTEM32\WINMMBASE.dll
0x00007ffc4cd10000 - 0x00007ffc4cd19000 	C:\WINDOWS\system32\NSI.dll
0x00007ffc4a220000 - 0x00007ffc4a26f000 	C:\WINDOWS\SYSTEM32\cfgmgr32.dll
0x00007ffc48f50000 - 0x00007ffc48f78000 	C:\WINDOWS\SYSTEM32\DEVOBJ.dll
0x0000000051f80000 - 0x0000000051f8f000 	C:\Program Files\Java\jre7\bin\verify.dll
0x0000000051f50000 - 0x0000000051f78000 	C:\Program Files\Java\jre7\bin\java.dll
0x0000000051880000 - 0x00000000518b5000 	C:\Program Files\Java\jre7\bin\jdwp.dll
0x0000000051870000 - 0x0000000051878000 	C:\Program Files\Java\jre7\bin\npt.dll
0x0000000051f30000 - 0x0000000051f45000 	C:\Program Files\Java\jre7\bin\zip.dll

VM Arguments:
jvm_args: -agentlib:jdwp=transport=dt_socket,suspend=y,address=localhost:56077 -Dfile.encoding=Cp1252 -Xbootclasspath:C:\Users\oren\AppData\Local\Android\sdk\platforms\android-21\android.jar 
java_command: com.example.utility.RawCompression
Launcher Type: SUN_STANDARD

Environment Variables:
JAVA_HOME=C:\Program Files\Java\jdk1.7.0_25
CLASSPATH=.;.;C:\PROGRA~2\JMF21~1.1E\lib\sound.jar;C:\PROGRA~2\JMF21~1.1E\lib\jmf.jar;C:\PROGRA~2\JMF21~1.1E\lib;
PATH=c:\Program Files (x86)\Intel\iCLS Client\;c:\Program Files\Intel\iCLS Client\;c:\Program Files (x86)\AMD APP\bin\x86_64;c:\Program Files (x86)\AMD APP\bin\x86;C:\WINDOWS\system32;C:\WINDOWS;C:\WINDOWS\System32\Wbem;C:\WINDOWS\System32\WindowsPowerShell\v1.0\;c:\Program Files (x86)\ATI Technologies\ATI.ACE\Core-Static;C:\Program Files\Intel\Intel(R) Management Engine Components\DAL;C:\Program Files\Intel\Intel(R) Management Engine Components\IPT;C:\Program Files (x86)\Intel\Intel(R) Management Engine Components\DAL;C:\Program Files (x86)\Intel\Intel(R) Management Engine Components\IPT;C:\Program Files (x86)\Windows Live\Shared;C:\Program Files\MATLAB\R2010a\runtime\win64;C:\Program Files\MATLAB\R2010a\bin;C:\Program Files\Intel\WiFi\bin\;C:\Program Files\Common Files\Intel\WirelessCommon\;C:\Program Files\TortoiseSVN\bin;C:\Program Files\MATLAB\MATLAB Compiler Runtime\v80\runtime\win64;C:\Development\Heroku\bin;C:\Program Files (x86)\git\cmd
USERNAME=oren
OS=Windows_NT
PROCESSOR_IDENTIFIER=Intel64 Family 6 Model 58 Stepping 9, GenuineIntel



---------------  S Y S T E M  ---------------

OS: Windows 8 , 64 bit Build 9200 

CPU:total 8 (4 cores per cpu, 2 threads per core) family 6 model 58 stepping 9, cmov, cx8, fxsr, mmx, sse, sse2, sse3, ssse3, sse4.1, sse4.2, popcnt, avx, aes, erms, ht, tsc, tscinvbit, tscinv

Memory: 4k page, physical 8254744k(3325552k free), swap 9565464k(2701212k free)

vm_info: Java HotSpot(TM) 64-Bit Server VM (24.0-b56) for windows-amd64 JRE (1.7.0_40-b43), built on Aug 26 2013 22:38:32 by "java_re" with unknown MS VC++:1600

time: Fri Jul 17 12:22:10 2015
elapsed time: 0 seconds

